<?xml version="1.0" encoding="UTF-8"?>
<!-- Generated by org.testng.reporters.JUnitReportReporter -->
<testsuite hostname="LAB00W7FCA-15" name="com.amedia.qa.automation.testcases.testgoogle.AmediaGoogle" tests="2" failures="0" timestamp="27 Jun 2016 02:39:49 GMT" time="16.723" errors="0">
  <testcase name="searchAmediaInGoogle" time="14.462" classname="com.amedia.qa.automation.testcases.testgoogle.AmediaGoogle"/>
  <testcase name="clickChangeLanguageToEng" time="2.261" classname="com.amedia.qa.automation.testcases.testgoogle.AmediaGoogle"/>
</testsuite> <!-- com.amedia.qa.automation.testcases.testgoogle.AmediaGoogle -->
